2020-11-24 19:38:32.040 [background-preinit] INFO  o.h.validator.internal.util.Version - HV000001: Hibernate Validator 6.1.5.Final
2020-11-24 19:38:32.923 [background-preinit] WARN  o.s.h.c.j.Jackson2ObjectMapperBuilder - For Jackson Kotlin classes support please add "com.fasterxml.jackson.module:jackson-module-kotlin" to the classpath
2020-11-24 19:38:33.895 [main] INFO  com.soft1851.admin.Application - The following profiles are active: dev
2020-11-24 19:38:36.896 [main] INFO  o.s.d.r.c.RepositoryConfigurationDelegate - Multiple Spring Data modules found, entering strict repository configuration mode!
2020-11-24 19:38:36.899 [main] INFO  o.s.d.r.c.RepositoryConfigurationDelegate - Bootstrapping Spring Data MongoDB repositories in DEFAULT mode.
2020-11-24 19:38:37.192 [main] INFO  o.s.d.r.c.RepositoryConfigurationDelegate - Finished Spring Data repository scanning in 285ms. Found 1 MongoDB repository interfaces.
2020-11-24 19:38:37.212 [main] INFO  o.s.d.r.c.RepositoryConfigurationDelegate - Multiple Spring Data modules found, entering strict repository configuration mode!
2020-11-24 19:38:37.215 [main] INFO  o.s.d.r.c.RepositoryConfigurationDelegate - Bootstrapping Spring Data Redis repositories in DEFAULT mode.
2020-11-24 19:38:37.236 [main] INFO  o.s.d.r.c.RepositoryConfigurationExtensionSupport - Spring Data Redis - Could not safely identify store assignment for repository candidate interface com.soft1851.admin.repository.FriendLinkRepository. If you want this repository to be a Redis repository, consider annotating your entities with one of these annotations: org.springframework.data.redis.core.RedisHash (preferred), or consider extending one of the following types with your repository: org.springframework.data.keyvalue.repository.KeyValueRepository.
2020-11-24 19:38:37.236 [main] INFO  o.s.d.r.c.RepositoryConfigurationDelegate - Finished Spring Data repository scanning in 9ms. Found 0 Redis repository interfaces.
2020-11-24 19:38:37.499 [main] WARN  o.m.s.mapper.ClassPathMapperScanner - No MyBatis mapper was found in '[com.soft1851.admin]' package. Please check your configuration.
2020-11-24 19:38:37.650 [main] INFO  o.s.cloud.context.scope.GenericScope - BeanFactory id=fd36712e-e87a-368f-9ba2-318921223646
2020-11-24 19:38:39.332 [main] INFO  o.s.b.w.e.tomcat.TomcatWebServer - Tomcat initialized with port(s): 8005 (http)
2020-11-24 19:38:39.346 [main] INFO  o.a.coyote.http11.Http11NioProtocol - Initializing ProtocolHandler ["http-nio-8005"]
2020-11-24 19:38:39.347 [main] INFO  o.a.catalina.core.StandardService - Starting service [Tomcat]
2020-11-24 19:38:39.348 [main] INFO  o.a.catalina.core.StandardEngine - Starting Servlet engine: [Apache Tomcat/9.0.38]
2020-11-24 19:38:39.699 [main] INFO  o.a.c.c.C.[Tomcat].[localhost].[/] - Initializing Spring embedded WebApplicationContext
2020-11-24 19:38:39.699 [main] INFO  o.s.b.w.s.c.ServletWebServerApplicationContext - Root WebApplicationContext: initialization completed in 5778 ms
2020-11-24 19:38:42.915 [main] INFO  org.mongodb.driver.cluster - Cluster created with settings {hosts=[118.31.45.29:27017], mode=SINGLE, requiredClusterType=UNKNOWN, serverSelectionTimeout='30000 ms', maxWaitQueueSize=500}
2020-11-24 19:38:43.105 [cluster-ClusterId{value='5fbcf0c259d69464d5fca57f', description='null'}-118.31.45.29:27017] INFO  org.mongodb.driver.connection - Opened connection [connectionId{localValue:1, serverValue:230}] to 118.31.45.29:27017
2020-11-24 19:38:43.130 [cluster-ClusterId{value='5fbcf0c259d69464d5fca57f', description='null'}-118.31.45.29:27017] INFO  org.mongodb.driver.cluster - Monitor thread successfully connected to server with description ServerDescription{address=118.31.45.29:27017, type=STANDALONE, state=CONNECTED, ok=true, version=ServerVersion{versionList=[4, 4, 2]}, minWireVersion=0, maxWireVersion=9, maxDocumentSize=16777216, logicalSessionTimeoutMinutes=30, roundTripTimeNanos=20631700}
2020-11-24 19:38:43.157 [main] WARN  o.s.data.convert.CustomConversions - Registering converter from class java.time.LocalDateTime to class org.joda.time.LocalDateTime as reading converter although it doesn't convert from a store-supported type! You might want to check your annotation setup at the converter implementation.
2020-11-24 19:38:43.208 [main] WARN  o.s.data.convert.CustomConversions - Registering converter from class java.time.LocalDateTime to class org.joda.time.LocalDateTime as reading converter although it doesn't convert from a store-supported type! You might want to check your annotation setup at the converter implementation.
2020-11-24 19:38:44.554 [main] WARN  c.n.c.sources.URLConfigurationSource - No URLs will be polled as dynamic configuration sources.
2020-11-24 19:38:44.554 [main] INFO  c.n.c.sources.URLConfigurationSource - To enable URLs as dynamic configuration sources, define System property archaius.configurationSource.additionalUrls or make config.properties available on classpath.
2020-11-24 19:38:44.567 [main] WARN  c.n.c.sources.URLConfigurationSource - No URLs will be polled as dynamic configuration sources.
2020-11-24 19:38:44.567 [main] INFO  c.n.c.sources.URLConfigurationSource - To enable URLs as dynamic configuration sources, define System property archaius.configurationSource.additionalUrls or make config.properties available on classpath.
2020-11-24 19:38:44.791 [main] INFO  o.s.s.c.ThreadPoolTaskExecutor - Initializing ExecutorService 'applicationTaskExecutor'
2020-11-24 19:38:45.008 [main] INFO  t.m.m.a.MapperCacheDisabler - Clear tk.mybatis.mapper.util.MsUtil CLASS_CACHE cache.
2020-11-24 19:38:45.010 [main] INFO  t.m.m.a.MapperCacheDisabler - Clear tk.mybatis.mapper.genid.GenIdUtil CACHE cache.
2020-11-24 19:38:45.011 [main] INFO  t.m.m.a.MapperCacheDisabler - Clear tk.mybatis.mapper.version.VersionUtil CACHE cache.
2020-11-24 19:38:45.011 [main] INFO  t.m.m.a.MapperCacheDisabler - Clear EntityHelper entityTableMap cache.
2020-11-24 19:38:46.511 [main] INFO  o.a.coyote.http11.Http11NioProtocol - Starting ProtocolHandler ["http-nio-8005"]
2020-11-24 19:38:46.554 [main] INFO  o.s.b.w.e.tomcat.TomcatWebServer - Tomcat started on port(s): 8005 (http) with context path ''
2020-11-24 19:38:47.449 [main] INFO  s.d.s.w.p.DocumentationPluginsBootstrapper - Context refreshed
2020-11-24 19:38:47.488 [main] INFO  s.d.s.w.p.DocumentationPluginsBootstrapper - Found 1 custom documentation plugin(s)
2020-11-24 19:38:47.503 [main] INFO  s.d.s.w.s.ApiListingReferenceScanner - Scanning for api listing references
2020-11-24 19:38:47.872 [main] INFO  com.soft1851.admin.Application - Started Application in 17.482 seconds (JVM running for 19.444)
2020-11-24 19:42:21.031 [http-nio-8005-exec-1] INFO  o.a.c.c.C.[Tomcat].[localhost].[/] - Initializing Spring DispatcherServlet 'dispatcherServlet'
2020-11-24 19:42:21.031 [http-nio-8005-exec-1] INFO  o.s.web.servlet.DispatcherServlet - Initializing Servlet 'dispatcherServlet'
2020-11-24 19:42:21.048 [http-nio-8005-exec-1] INFO  o.s.web.servlet.DispatcherServlet - Completed initialization in 17 ms
2020-11-24 19:44:59.290 [http-nio-8005-exec-5] INFO  c.s.api.aspect.ServiceLogAspect - === 开始执行 class com.soft1851.admin.service.impl.FriendLinkServiceImpl.saveOrUpdateFriendLink ===
2020-11-24 19:44:59.699 [http-nio-8005-exec-5] INFO  org.mongodb.driver.connection - Opened connection [connectionId{localValue:2, serverValue:231}] to 118.31.45.29:27017
2020-11-24 19:44:59.736 [http-nio-8005-exec-5] INFO  c.s.api.aspect.ServiceLogAspect - 当前执行耗时: 446
2020-11-24 19:45:57.174 [http-nio-8005-exec-6] INFO  c.s.api.aspect.ServiceLogAspect - === 开始执行 class com.soft1851.admin.service.impl.FriendLinkServiceImpl.saveOrUpdateFriendLink ===
2020-11-24 19:45:57.194 [http-nio-8005-exec-6] INFO  c.s.api.aspect.ServiceLogAspect - 当前执行耗时: 20
2020-11-24 19:46:07.652 [http-nio-8005-exec-2] INFO  c.s.api.aspect.ServiceLogAspect - === 开始执行 class com.soft1851.admin.service.impl.FriendLinkServiceImpl.saveOrUpdateFriendLink ===
2020-11-24 19:46:07.673 [http-nio-8005-exec-2] INFO  c.s.api.aspect.ServiceLogAspect - 当前执行耗时: 21
2020-11-24 19:52:03.601 [http-nio-8005-exec-4] INFO  c.s.api.aspect.ServiceLogAspect - === 开始执行 class com.soft1851.admin.service.impl.FriendLinkServiceImpl.queryAllFriendLinkList ===
2020-11-24 19:52:03.822 [http-nio-8005-exec-4] INFO  c.s.api.aspect.ServiceLogAspect - 当前执行耗时: 221
2020-11-24 19:55:56.773 [http-nio-8005-exec-7] INFO  c.s.api.aspect.ServiceLogAspect - === 开始执行 class com.soft1851.admin.service.impl.FriendLinkServiceImpl.delete ===
2020-11-24 19:55:56.814 [http-nio-8005-exec-7] INFO  c.s.api.aspect.ServiceLogAspect - 当前执行耗时: 41
2020-11-24 19:56:21.427 [http-nio-8005-exec-3] INFO  c.s.api.aspect.ServiceLogAspect - === 开始执行 class com.soft1851.admin.service.impl.FriendLinkServiceImpl.delete ===
2020-11-24 19:56:21.446 [http-nio-8005-exec-3] INFO  c.s.api.aspect.ServiceLogAspect - 当前执行耗时: 18
