2020-11-17 13:53:52.371 [background-preinit] INFO  o.h.validator.internal.util.Version - HV000001: Hibernate Validator 6.1.5.Final
2020-11-17 13:53:53.117 [background-preinit] WARN  o.s.h.c.j.Jackson2ObjectMapperBuilder - For Jackson Kotlin classes support please add "com.fasterxml.jackson.module:jackson-module-kotlin" to the classpath
2020-11-17 13:53:54.290 [main] INFO  com.soft1851.user.Application - The following profiles are active: dev
2020-11-17 13:53:56.334 [main] INFO  o.s.d.r.c.RepositoryConfigurationDelegate - Multiple Spring Data modules found, entering strict repository configuration mode!
2020-11-17 13:53:56.339 [main] INFO  o.s.d.r.c.RepositoryConfigurationDelegate - Bootstrapping Spring Data Redis repositories in DEFAULT mode.
2020-11-17 13:53:56.409 [main] INFO  o.s.d.r.c.RepositoryConfigurationDelegate - Finished Spring Data repository scanning in 22ms. Found 0 Redis repository interfaces.
2020-11-17 13:53:56.655 [main] WARN  o.m.s.mapper.ClassPathMapperScanner - No MyBatis mapper was found in '[com.soft1851.user]' package. Please check your configuration.
2020-11-17 13:53:56.740 [main] INFO  o.s.cloud.context.scope.GenericScope - BeanFactory id=2ccce658-2561-3ea6-8941-cddf67f2d6d2
2020-11-17 13:53:57.328 [main] INFO  o.s.b.w.e.tomcat.TomcatWebServer - Tomcat initialized with port(s): 8003 (http)
2020-11-17 13:53:57.340 [main] INFO  o.a.coyote.http11.Http11NioProtocol - Initializing ProtocolHandler ["http-nio-8003"]
2020-11-17 13:53:57.341 [main] INFO  o.a.catalina.core.StandardService - Starting service [Tomcat]
2020-11-17 13:53:57.341 [main] INFO  o.a.catalina.core.StandardEngine - Starting Servlet engine: [Apache Tomcat/9.0.38]
2020-11-17 13:53:57.622 [main] INFO  o.a.c.c.C.[Tomcat].[localhost].[/] - Initializing Spring embedded WebApplicationContext
2020-11-17 13:53:57.623 [main] INFO  o.s.b.w.s.c.ServletWebServerApplicationContext - Root WebApplicationContext: initialization completed in 3304 ms
2020-11-17 13:53:59.934 [main] WARN  c.n.c.sources.URLConfigurationSource - No URLs will be polled as dynamic configuration sources.
2020-11-17 13:53:59.934 [main] INFO  c.n.c.sources.URLConfigurationSource - To enable URLs as dynamic configuration sources, define System property archaius.configurationSource.additionalUrls or make config.properties available on classpath.
2020-11-17 13:53:59.942 [main] WARN  c.n.c.sources.URLConfigurationSource - No URLs will be polled as dynamic configuration sources.
2020-11-17 13:53:59.942 [main] INFO  c.n.c.sources.URLConfigurationSource - To enable URLs as dynamic configuration sources, define System property archaius.configurationSource.additionalUrls or make config.properties available on classpath.
2020-11-17 13:54:00.080 [main] INFO  o.s.s.c.ThreadPoolTaskExecutor - Initializing ExecutorService 'applicationTaskExecutor'
2020-11-17 13:54:00.219 [main] INFO  t.m.m.a.MapperCacheDisabler - Clear tk.mybatis.mapper.util.MsUtil CLASS_CACHE cache.
2020-11-17 13:54:00.220 [main] INFO  t.m.m.a.MapperCacheDisabler - Clear tk.mybatis.mapper.genid.GenIdUtil CACHE cache.
2020-11-17 13:54:00.220 [main] INFO  t.m.m.a.MapperCacheDisabler - Clear tk.mybatis.mapper.version.VersionUtil CACHE cache.
2020-11-17 13:54:00.221 [main] INFO  t.m.m.a.MapperCacheDisabler - Clear EntityHelper entityTableMap cache.
2020-11-17 13:54:01.700 [main] INFO  o.a.coyote.http11.Http11NioProtocol - Starting ProtocolHandler ["http-nio-8003"]
2020-11-17 13:54:01.736 [main] INFO  o.s.b.w.e.tomcat.TomcatWebServer - Tomcat started on port(s): 8003 (http) with context path ''
2020-11-17 13:54:02.801 [main] INFO  s.d.s.w.p.DocumentationPluginsBootstrapper - Context refreshed
2020-11-17 13:54:02.926 [main] INFO  s.d.s.w.p.DocumentationPluginsBootstrapper - Found 1 custom documentation plugin(s)
2020-11-17 13:54:02.939 [main] INFO  s.d.s.w.s.ApiListingReferenceScanner - Scanning for api listing references
2020-11-17 13:54:03.173 [main] INFO  com.soft1851.user.Application - Started Application in 12.706 seconds (JVM running for 15.093)
2020-11-17 13:54:20.872 [http-nio-8003-exec-1] INFO  o.a.c.c.C.[Tomcat].[localhost].[/] - Initializing Spring DispatcherServlet 'dispatcherServlet'
2020-11-17 13:54:20.873 [http-nio-8003-exec-1] INFO  o.s.web.servlet.DispatcherServlet - Initializing Servlet 'dispatcherServlet'
2020-11-17 13:54:20.882 [http-nio-8003-exec-1] INFO  o.s.web.servlet.DispatcherServlet - Completed initialization in 9 ms
2020-11-17 13:54:31.801 [http-nio-8003-exec-5] INFO  com.zaxxer.hikari.HikariDataSource - DateSourceHikariCP - Starting...
2020-11-17 13:54:33.498 [http-nio-8003-exec-5] INFO  com.zaxxer.hikari.HikariDataSource - DateSourceHikariCP - Start completed.
