2020-11-14 12:41:32.027 [main] INFO  c.s.user.controller.Application - No active profile set, falling back to default profiles: default
2020-11-14 12:41:32.392 [main] INFO  o.s.cloud.context.scope.GenericScope - BeanFactory id=7a3666c4-fea4-3f5e-9d2b-6e233edc3171
2020-11-14 12:41:32.599 [main] INFO  o.s.b.w.e.tomcat.TomcatWebServer - Tomcat initialized with port(s): 8003 (http)
2020-11-14 12:41:32.607 [main] INFO  o.a.coyote.http11.Http11NioProtocol - Initializing ProtocolHandler ["http-nio-8003"]
2020-11-14 12:41:32.607 [main] INFO  o.a.catalina.core.StandardService - Starting service [Tomcat]
2020-11-14 12:41:32.608 [main] INFO  o.a.catalina.core.StandardEngine - Starting Servlet engine: [Apache Tomcat/9.0.38]
2020-11-14 12:41:32.736 [main] INFO  o.a.c.c.C.[Tomcat].[localhost].[/] - Initializing Spring embedded WebApplicationContext
2020-11-14 12:41:32.736 [main] INFO  o.s.b.w.s.c.ServletWebServerApplicationContext - Root WebApplicationContext: initialization completed in 695 ms
2020-11-14 12:41:32.786 [main] WARN  c.n.c.sources.URLConfigurationSource - No URLs will be polled as dynamic configuration sources.
2020-11-14 12:41:32.786 [main] INFO  c.n.c.sources.URLConfigurationSource - To enable URLs as dynamic configuration sources, define System property archaius.configurationSource.additionalUrls or make config.properties available on classpath.
2020-11-14 12:41:32.789 [main] WARN  c.n.c.sources.URLConfigurationSource - No URLs will be polled as dynamic configuration sources.
2020-11-14 12:41:32.789 [main] INFO  c.n.c.sources.URLConfigurationSource - To enable URLs as dynamic configuration sources, define System property archaius.configurationSource.additionalUrls or make config.properties available on classpath.
2020-11-14 12:41:32.894 [main] INFO  o.s.s.c.ThreadPoolTaskExecutor - Initializing ExecutorService 'applicationTaskExecutor'
2020-11-14 12:41:33.908 [main] INFO  o.a.coyote.http11.Http11NioProtocol - Starting ProtocolHandler ["http-nio-8003"]
2020-11-14 12:41:33.926 [main] INFO  o.s.b.w.e.tomcat.TomcatWebServer - Tomcat started on port(s): 8003 (http) with context path ''
2020-11-14 12:41:34.778 [main] INFO  c.s.user.controller.Application - Started Application in 5.365 seconds (JVM running for 6.758)
2020-11-14 12:41:38.188 [http-nio-8003-exec-1] INFO  o.a.c.c.C.[Tomcat].[localhost].[/] - Initializing Spring DispatcherServlet 'dispatcherServlet'
2020-11-14 12:41:38.188 [http-nio-8003-exec-1] INFO  o.s.web.servlet.DispatcherServlet - Initializing Servlet 'dispatcherServlet'
2020-11-14 12:41:38.192 [http-nio-8003-exec-1] INFO  o.s.web.servlet.DispatcherServlet - Completed initialization in 4 ms
2020-11-14 12:41:38.208 [http-nio-8003-exec-1] INFO  c.s.user.controller.HelloController - info:hello
2020-11-14 12:41:38.208 [http-nio-8003-exec-1] INFO  c.s.user.controller.HelloController - warn:hello
2020-11-14 12:41:38.208 [http-nio-8003-exec-1] INFO  c.s.user.controller.HelloController - error:hello
2020-11-14 12:43:11.898 [http-nio-8003-exec-8] INFO  c.s.user.controller.HelloController - info:hello
2020-11-14 12:43:11.898 [http-nio-8003-exec-8] INFO  c.s.user.controller.HelloController - warn:hello
2020-11-14 12:43:11.898 [http-nio-8003-exec-8] INFO  c.s.user.controller.HelloController - error:hello
2020-11-14 21:49:27.152 [background-preinit] WARN  o.s.h.c.j.Jackson2ObjectMapperBuilder - For Jackson Kotlin classes support please add "com.fasterxml.jackson.module:jackson-module-kotlin" to the classpath
2020-11-14 21:49:28.499 [main] INFO  c.s.user.controller.Application - The following profiles are active: dev
2020-11-14 21:49:29.593 [main] ERROR o.s.b.d.LoggingFailureAnalysisReporter - 

***************************
APPLICATION FAILED TO START
***************************

Description:

Failed to bind properties under 'mapper.mappers' to java.util.List<java.lang.Class<?>>:

    Property: mapper.mappers
    Value: com.soft1851.my.mapper.MyMapper
    Origin: class path resource [application.yml]:56:12
    Reason: No converter found capable of converting from type [java.lang.String] to type [java.util.List<java.lang.Class<?>>]

Action:

Update your application's configuration

2020-11-14 22:02:36.426 [background-preinit] WARN  o.s.h.c.j.Jackson2ObjectMapperBuilder - For Jackson Kotlin classes support please add "com.fasterxml.jackson.module:jackson-module-kotlin" to the classpath
2020-11-14 22:02:37.535 [main] INFO  com.soft1851.user.Application - The following profiles are active: dev
2020-11-14 22:02:38.010 [main] WARN  t.m.s.a.MapperScannerRegistrar - 只有 Spring Boot 环境中可以通过 Environment(配置文件,环境变量,运行参数等方式) 配置通用 Mapper，其他环境请通过 @MapperScan 注解中的 mapperHelperRef 或 properties 参数进行配置!如果你使用 tk.mybatis.mapper.session.Configuration 配置的通用 Mapper，你可以忽略该错误!
java.lang.RuntimeException: java.lang.reflect.InvocationTargetException
	at tk.mybatis.spring.mapper.SpringBootBindUtil$SpringBoot2Bind.bind(SpringBootBindUtil.java:133)
	at tk.mybatis.spring.mapper.SpringBootBindUtil.bind(SpringBootBindUtil.java:58)
	at tk.mybatis.spring.mapper.ClassPathMapperScanner.setMapperProperties(ClassPathMapperScanner.java:278)
	at tk.mybatis.spring.annotation.MapperScannerRegistrar.registerBeanDefinitions(MapperScannerRegistrar.java:103)
	at org.springframework.context.annotation.ImportBeanDefinitionRegistrar.registerBeanDefinitions(ImportBeanDefinitionRegistrar.java:86)
	at org.springframework.context.annotation.ConfigurationClassBeanDefinitionReader.lambda$loadBeanDefinitionsFromRegistrars$1(ConfigurationClassBeanDefinitionReader.java:384)
	at java.util.LinkedHashMap.forEach(LinkedHashMap.java:684)
	at org.springframework.context.annotation.ConfigurationClassBeanDefinitionReader.loadBeanDefinitionsFromRegistrars(ConfigurationClassBeanDefinitionReader.java:383)
	at org.springframework.context.annotation.ConfigurationClassBeanDefinitionReader.loadBeanDefinitionsForConfigurationClass(ConfigurationClassBeanDefinitionReader.java:148)
	at org.springframework.context.annotation.ConfigurationClassBeanDefinitionReader.loadBeanDefinitions(ConfigurationClassBeanDefinitionReader.java:120)
	at org.springframework.context.annotation.ConfigurationClassPostProcessor.processConfigBeanDefinitions(ConfigurationClassPostProcessor.java:331)
	at org.springframework.context.annotation.ConfigurationClassPostProcessor.postProcessBeanDefinitionRegistry(ConfigurationClassPostProcessor.java:236)
	at org.springframework.context.support.PostProcessorRegistrationDelegate.invokeBeanDefinitionRegistryPostProcessors(PostProcessorRegistrationDelegate.java:280)
	at org.springframework.context.support.PostProcessorRegistrationDelegate.invokeBeanFactoryPostProcessors(PostProcessorRegistrationDelegate.java:96)
	at org.springframework.context.support.AbstractApplicationContext.invokeBeanFactoryPostProcessors(AbstractApplicationContext.java:707)
	at org.springframework.context.support.AbstractApplicationContext.refresh(AbstractApplicationContext.java:533)
	at org.springframework.boot.web.servlet.context.ServletWebServerApplicationContext.refresh(ServletWebServerApplicationContext.java:143)
	at org.springframework.boot.SpringApplication.refresh(SpringApplication.java:758)
	at org.springframework.boot.SpringApplication.refresh(SpringApplication.java:750)
	at org.springframework.boot.SpringApplication.refreshContext(SpringApplication.java:397)
	at org.springframework.boot.SpringApplication.run(SpringApplication.java:315)
	at org.springframework.boot.SpringApplication.run(SpringApplication.java:1237)
	at org.springframework.boot.SpringApplication.run(SpringApplication.java:1226)
	at com.soft1851.user.Application.main(Application.java:19)
Caused by: java.lang.reflect.InvocationTargetException: null
	at sun.reflect.NativeMethodAccessorImpl.invoke0(Native Method)
	at sun.reflect.NativeMethodAccessorImpl.invoke(NativeMethodAccessorImpl.java:62)
	at sun.reflect.DelegatingMethodAccessorImpl.invoke(DelegatingMethodAccessorImpl.java:43)
	at java.lang.reflect.Method.invoke(Method.java:498)
	at tk.mybatis.spring.mapper.SpringBootBindUtil$SpringBoot2Bind.bind(SpringBootBindUtil.java:125)
	... 23 common frames omitted
Caused by: org.springframework.boot.context.properties.bind.BindException: Failed to bind properties under 'mapper.mappers' to java.util.List<java.lang.Class<?>>
	at org.springframework.boot.context.properties.bind.Binder.handleBindError(Binder.java:363)
	at org.springframework.boot.context.properties.bind.Binder.bind(Binder.java:323)
	at org.springframework.boot.context.properties.bind.Binder.lambda$bindDataObject$4(Binder.java:447)
	at org.springframework.boot.context.properties.bind.JavaBeanBinder.bind(JavaBeanBinder.java:92)
	at org.springframework.boot.context.properties.bind.JavaBeanBinder.bind(JavaBeanBinder.java:80)
	at org.springframework.boot.context.properties.bind.JavaBeanBinder.bind(JavaBeanBinder.java:56)
	at org.springframework.boot.context.properties.bind.Binder.lambda$bindDataObject$5(Binder.java:451)
	at org.springframework.boot.context.properties.bind.Binder$Context.withIncreasedDepth(Binder.java:571)
	at org.springframework.boot.context.properties.bind.Binder$Context.withDataObject(Binder.java:557)
	at org.springframework.boot.context.properties.bind.Binder$Context.access$300(Binder.java:512)
	at org.springframework.boot.context.properties.bind.Binder.bindDataObject(Binder.java:449)
	at org.springframework.boot.context.properties.bind.Binder.bindObject(Binder.java:390)
	at org.springframework.boot.context.properties.bind.Binder.bind(Binder.java:319)
	at org.springframework.boot.context.properties.bind.Binder.bind(Binder.java:308)
	at org.springframework.boot.context.properties.bind.Binder.bind(Binder.java:238)
	at org.springframework.boot.context.properties.bind.Binder.bind(Binder.java:199)
	at org.springframework.boot.context.properties.bind.Binder.bind(Binder.java:186)
	... 28 common frames omitted
Caused by: org.springframework.core.convert.ConverterNotFoundException: No converter found capable of converting from type [java.lang.String] to type [java.util.List<java.lang.Class<?>>]
	at org.springframework.core.convert.support.GenericConversionService.handleConverterNotFound(GenericConversionService.java:321)
	at org.springframework.core.convert.support.GenericConversionService.convert(GenericConversionService.java:194)
	at org.springframework.boot.context.properties.bind.BindConverter$CompositeConversionService.convert(BindConverter.java:170)
	at org.springframework.boot.context.properties.bind.BindConverter.convert(BindConverter.java:96)
	at org.springframework.boot.context.properties.bind.IndexedElementsBinder.convert(IndexedElementsBinder.java:143)
	at org.springframework.boot.context.properties.bind.IndexedElementsBinder.bindValue(IndexedElementsBinder.java:96)
	at org.springframework.boot.context.properties.bind.IndexedElementsBinder.bindIndexed(IndexedElementsBinder.java:84)
	at org.springframework.boot.context.properties.bind.IndexedElementsBinder.bindIndexed(IndexedElementsBinder.java:71)
	at org.springframework.boot.context.properties.bind.CollectionBinder.bindAggregate(CollectionBinder.java:49)
	at org.springframework.boot.context.properties.bind.AggregateBinder.bind(AggregateBinder.java:56)
	at org.springframework.boot.context.properties.bind.Binder.lambda$bindAggregate$3(Binder.java:414)
	at org.springframework.boot.context.properties.bind.Binder$Context.withIncreasedDepth(Binder.java:571)
	at org.springframework.boot.context.properties.bind.Binder$Context.access$100(Binder.java:512)
	at org.springframework.boot.context.properties.bind.Binder.bindAggregate(Binder.java:414)
	at org.springframework.boot.context.properties.bind.Binder.bindObject(Binder.java:375)
	at org.springframework.boot.context.properties.bind.Binder.bind(Binder.java:319)
	... 43 common frames omitted
2020-11-14 22:02:38.518 [main] INFO  o.s.d.r.c.RepositoryConfigurationDelegate - Multiple Spring Data modules found, entering strict repository configuration mode!
2020-11-14 22:02:38.522 [main] INFO  o.s.d.r.c.RepositoryConfigurationDelegate - Bootstrapping Spring Data Redis repositories in DEFAULT mode.
2020-11-14 22:02:38.630 [main] INFO  o.s.d.r.c.RepositoryConfigurationDelegate - Finished Spring Data repository scanning in 17ms. Found 0 Redis repository interfaces.
2020-11-14 22:02:38.901 [main] WARN  o.m.s.mapper.ClassPathMapperScanner - No MyBatis mapper was found in '[com.soft1851.user]' package. Please check your configuration.
2020-11-14 22:02:38.998 [main] INFO  o.s.cloud.context.scope.GenericScope - BeanFactory id=bb935d18-e7bf-372e-b7e1-b07ecf3bdefe
2020-11-14 22:02:39.633 [main] INFO  o.s.b.w.e.tomcat.TomcatWebServer - Tomcat initialized with port(s): 8003 (http)
2020-11-14 22:02:39.645 [main] INFO  o.a.coyote.http11.Http11NioProtocol - Initializing ProtocolHandler ["http-nio-8003"]
2020-11-14 22:02:39.646 [main] INFO  o.a.catalina.core.StandardService - Starting service [Tomcat]
2020-11-14 22:02:39.646 [main] INFO  o.a.catalina.core.StandardEngine - Starting Servlet engine: [Apache Tomcat/9.0.38]
2020-11-14 22:02:39.863 [main] INFO  o.a.c.c.C.[Tomcat].[localhost].[/] - Initializing Spring embedded WebApplicationContext
2020-11-14 22:02:39.864 [main] INFO  o.s.b.w.s.c.ServletWebServerApplicationContext - Root WebApplicationContext: initialization completed in 2314 ms
2020-11-14 22:02:40.427 [main] WARN  c.n.c.sources.URLConfigurationSource - No URLs will be polled as dynamic configuration sources.
2020-11-14 22:02:40.427 [main] INFO  c.n.c.sources.URLConfigurationSource - To enable URLs as dynamic configuration sources, define System property archaius.configurationSource.additionalUrls or make config.properties available on classpath.
2020-11-14 22:02:40.433 [main] WARN  c.n.c.sources.URLConfigurationSource - No URLs will be polled as dynamic configuration sources.
2020-11-14 22:02:40.433 [main] INFO  c.n.c.sources.URLConfigurationSource - To enable URLs as dynamic configuration sources, define System property archaius.configurationSource.additionalUrls or make config.properties available on classpath.
2020-11-14 22:02:40.654 [main] INFO  o.s.s.c.ThreadPoolTaskExecutor - Initializing ExecutorService 'applicationTaskExecutor'
2020-11-14 22:02:40.801 [main] INFO  t.m.m.a.MapperCacheDisabler - Clear tk.mybatis.mapper.util.MsUtil CLASS_CACHE cache.
2020-11-14 22:02:40.802 [main] INFO  t.m.m.a.MapperCacheDisabler - Clear tk.mybatis.mapper.genid.GenIdUtil CACHE cache.
2020-11-14 22:02:40.802 [main] INFO  t.m.m.a.MapperCacheDisabler - Clear tk.mybatis.mapper.version.VersionUtil CACHE cache.
2020-11-14 22:02:40.803 [main] INFO  t.m.m.a.MapperCacheDisabler - Clear EntityHelper entityTableMap cache.
2020-11-14 22:02:42.742 [main] INFO  o.a.coyote.http11.Http11NioProtocol - Starting ProtocolHandler ["http-nio-8003"]
2020-11-14 22:02:42.784 [main] INFO  o.s.b.w.e.tomcat.TomcatWebServer - Tomcat started on port(s): 8003 (http) with context path ''
2020-11-14 22:02:43.628 [main] INFO  com.soft1851.user.Application - Started Application in 8.795 seconds (JVM running for 10.419)
2020-11-14 22:03:42.644 [http-nio-8003-exec-1] INFO  o.a.c.c.C.[Tomcat].[localhost].[/] - Initializing Spring DispatcherServlet 'dispatcherServlet'
2020-11-14 22:03:42.644 [http-nio-8003-exec-1] INFO  o.s.web.servlet.DispatcherServlet - Initializing Servlet 'dispatcherServlet'
2020-11-14 22:03:42.652 [http-nio-8003-exec-1] INFO  o.s.web.servlet.DispatcherServlet - Completed initialization in 8 ms
2020-11-14 22:06:28.884 [background-preinit] WARN  o.s.h.c.j.Jackson2ObjectMapperBuilder - For Jackson Kotlin classes support please add "com.fasterxml.jackson.module:jackson-module-kotlin" to the classpath
2020-11-14 22:06:30.136 [main] INFO  com.soft1851.user.Application - The following profiles are active: dev
2020-11-14 22:06:30.518 [main] WARN  t.m.s.a.MapperScannerRegistrar - 只有 Spring Boot 环境中可以通过 Environment(配置文件,环境变量,运行参数等方式) 配置通用 Mapper，其他环境请通过 @MapperScan 注解中的 mapperHelperRef 或 properties 参数进行配置!如果你使用 tk.mybatis.mapper.session.Configuration 配置的通用 Mapper，你可以忽略该错误!
java.lang.RuntimeException: java.lang.reflect.InvocationTargetException
	at tk.mybatis.spring.mapper.SpringBootBindUtil$SpringBoot2Bind.bind(SpringBootBindUtil.java:133)
	at tk.mybatis.spring.mapper.SpringBootBindUtil.bind(SpringBootBindUtil.java:58)
	at tk.mybatis.spring.mapper.ClassPathMapperScanner.setMapperProperties(ClassPathMapperScanner.java:278)
	at tk.mybatis.spring.annotation.MapperScannerRegistrar.registerBeanDefinitions(MapperScannerRegistrar.java:103)
	at org.springframework.context.annotation.ImportBeanDefinitionRegistrar.registerBeanDefinitions(ImportBeanDefinitionRegistrar.java:86)
	at org.springframework.context.annotation.ConfigurationClassBeanDefinitionReader.lambda$loadBeanDefinitionsFromRegistrars$1(ConfigurationClassBeanDefinitionReader.java:384)
	at java.util.LinkedHashMap.forEach(LinkedHashMap.java:684)
	at org.springframework.context.annotation.ConfigurationClassBeanDefinitionReader.loadBeanDefinitionsFromRegistrars(ConfigurationClassBeanDefinitionReader.java:383)
	at org.springframework.context.annotation.ConfigurationClassBeanDefinitionReader.loadBeanDefinitionsForConfigurationClass(ConfigurationClassBeanDefinitionReader.java:148)
	at org.springframework.context.annotation.ConfigurationClassBeanDefinitionReader.loadBeanDefinitions(ConfigurationClassBeanDefinitionReader.java:120)
	at org.springframework.context.annotation.ConfigurationClassPostProcessor.processConfigBeanDefinitions(ConfigurationClassPostProcessor.java:331)
	at org.springframework.context.annotation.ConfigurationClassPostProcessor.postProcessBeanDefinitionRegistry(ConfigurationClassPostProcessor.java:236)
	at org.springframework.context.support.PostProcessorRegistrationDelegate.invokeBeanDefinitionRegistryPostProcessors(PostProcessorRegistrationDelegate.java:280)
	at org.springframework.context.support.PostProcessorRegistrationDelegate.invokeBeanFactoryPostProcessors(PostProcessorRegistrationDelegate.java:96)
	at org.springframework.context.support.AbstractApplicationContext.invokeBeanFactoryPostProcessors(AbstractApplicationContext.java:707)
	at org.springframework.context.support.AbstractApplicationContext.refresh(AbstractApplicationContext.java:533)
	at org.springframework.boot.web.servlet.context.ServletWebServerApplicationContext.refresh(ServletWebServerApplicationContext.java:143)
	at org.springframework.boot.SpringApplication.refresh(SpringApplication.java:758)
	at org.springframework.boot.SpringApplication.refresh(SpringApplication.java:750)
	at org.springframework.boot.SpringApplication.refreshContext(SpringApplication.java:397)
	at org.springframework.boot.SpringApplication.run(SpringApplication.java:315)
	at org.springframework.boot.SpringApplication.run(SpringApplication.java:1237)
	at org.springframework.boot.SpringApplication.run(SpringApplication.java:1226)
	at com.soft1851.user.Application.main(Application.java:19)
Caused by: java.lang.reflect.InvocationTargetException: null
	at sun.reflect.NativeMethodAccessorImpl.invoke0(Native Method)
	at sun.reflect.NativeMethodAccessorImpl.invoke(NativeMethodAccessorImpl.java:62)
	at sun.reflect.DelegatingMethodAccessorImpl.invoke(DelegatingMethodAccessorImpl.java:43)
	at java.lang.reflect.Method.invoke(Method.java:498)
	at tk.mybatis.spring.mapper.SpringBootBindUtil$SpringBoot2Bind.bind(SpringBootBindUtil.java:125)
	... 23 common frames omitted
Caused by: org.springframework.boot.context.properties.bind.BindException: Failed to bind properties under 'mapper.mappers' to java.util.List<java.lang.Class<?>>
	at org.springframework.boot.context.properties.bind.Binder.handleBindError(Binder.java:363)
	at org.springframework.boot.context.properties.bind.Binder.bind(Binder.java:323)
	at org.springframework.boot.context.properties.bind.Binder.lambda$bindDataObject$4(Binder.java:447)
	at org.springframework.boot.context.properties.bind.JavaBeanBinder.bind(JavaBeanBinder.java:92)
	at org.springframework.boot.context.properties.bind.JavaBeanBinder.bind(JavaBeanBinder.java:80)
	at org.springframework.boot.context.properties.bind.JavaBeanBinder.bind(JavaBeanBinder.java:56)
	at org.springframework.boot.context.properties.bind.Binder.lambda$bindDataObject$5(Binder.java:451)
	at org.springframework.boot.context.properties.bind.Binder$Context.withIncreasedDepth(Binder.java:571)
	at org.springframework.boot.context.properties.bind.Binder$Context.withDataObject(Binder.java:557)
	at org.springframework.boot.context.properties.bind.Binder$Context.access$300(Binder.java:512)
	at org.springframework.boot.context.properties.bind.Binder.bindDataObject(Binder.java:449)
	at org.springframework.boot.context.properties.bind.Binder.bindObject(Binder.java:390)
	at org.springframework.boot.context.properties.bind.Binder.bind(Binder.java:319)
	at org.springframework.boot.context.properties.bind.Binder.bind(Binder.java:308)
	at org.springframework.boot.context.properties.bind.Binder.bind(Binder.java:238)
	at org.springframework.boot.context.properties.bind.Binder.bind(Binder.java:199)
	at org.springframework.boot.context.properties.bind.Binder.bind(Binder.java:186)
	... 28 common frames omitted
Caused by: org.springframework.core.convert.ConverterNotFoundException: No converter found capable of converting from type [java.lang.String] to type [java.util.List<java.lang.Class<?>>]
	at org.springframework.core.convert.support.GenericConversionService.handleConverterNotFound(GenericConversionService.java:321)
	at org.springframework.core.convert.support.GenericConversionService.convert(GenericConversionService.java:194)
	at org.springframework.boot.context.properties.bind.BindConverter$CompositeConversionService.convert(BindConverter.java:170)
	at org.springframework.boot.context.properties.bind.BindConverter.convert(BindConverter.java:96)
	at org.springframework.boot.context.properties.bind.IndexedElementsBinder.convert(IndexedElementsBinder.java:143)
	at org.springframework.boot.context.properties.bind.IndexedElementsBinder.bindValue(IndexedElementsBinder.java:96)
	at org.springframework.boot.context.properties.bind.IndexedElementsBinder.bindIndexed(IndexedElementsBinder.java:84)
	at org.springframework.boot.context.properties.bind.IndexedElementsBinder.bindIndexed(IndexedElementsBinder.java:71)
	at org.springframework.boot.context.properties.bind.CollectionBinder.bindAggregate(CollectionBinder.java:49)
	at org.springframework.boot.context.properties.bind.AggregateBinder.bind(AggregateBinder.java:56)
	at org.springframework.boot.context.properties.bind.Binder.lambda$bindAggregate$3(Binder.java:414)
	at org.springframework.boot.context.properties.bind.Binder$Context.withIncreasedDepth(Binder.java:571)
	at org.springframework.boot.context.properties.bind.Binder$Context.access$100(Binder.java:512)
	at org.springframework.boot.context.properties.bind.Binder.bindAggregate(Binder.java:414)
	at org.springframework.boot.context.properties.bind.Binder.bindObject(Binder.java:375)
	at org.springframework.boot.context.properties.bind.Binder.bind(Binder.java:319)
	... 43 common frames omitted
2020-11-14 22:06:30.666 [main] INFO  o.s.d.r.c.RepositoryConfigurationDelegate - Multiple Spring Data modules found, entering strict repository configuration mode!
2020-11-14 22:06:30.668 [main] INFO  o.s.d.r.c.RepositoryConfigurationDelegate - Bootstrapping Spring Data Redis repositories in DEFAULT mode.
2020-11-14 22:06:30.696 [main] INFO  o.s.d.r.c.RepositoryConfigurationDelegate - Finished Spring Data repository scanning in 16ms. Found 0 Redis repository interfaces.
2020-11-14 22:06:30.835 [main] WARN  o.m.s.mapper.ClassPathMapperScanner - No MyBatis mapper was found in '[com.soft1851.user]' package. Please check your configuration.
2020-11-14 22:06:30.900 [main] INFO  o.s.cloud.context.scope.GenericScope - BeanFactory id=bb935d18-e7bf-372e-b7e1-b07ecf3bdefe
2020-11-14 22:06:31.212 [main] INFO  o.s.b.w.e.tomcat.TomcatWebServer - Tomcat initialized with port(s): 8003 (http)
2020-11-14 22:06:31.222 [main] INFO  o.a.coyote.http11.Http11NioProtocol - Initializing ProtocolHandler ["http-nio-8003"]
2020-11-14 22:06:31.222 [main] INFO  o.a.catalina.core.StandardService - Starting service [Tomcat]
2020-11-14 22:06:31.258 [main] INFO  o.a.catalina.core.StandardEngine - Starting Servlet engine: [Apache Tomcat/9.0.38]
2020-11-14 22:06:31.423 [main] INFO  o.a.c.c.C.[Tomcat].[localhost].[/] - Initializing Spring embedded WebApplicationContext
2020-11-14 22:06:31.423 [main] INFO  o.s.b.w.s.c.ServletWebServerApplicationContext - Root WebApplicationContext: initialization completed in 1272 ms
2020-11-14 22:06:31.940 [main] WARN  c.n.c.sources.URLConfigurationSource - No URLs will be polled as dynamic configuration sources.
2020-11-14 22:06:31.940 [main] INFO  c.n.c.sources.URLConfigurationSource - To enable URLs as dynamic configuration sources, define System property archaius.configurationSource.additionalUrls or make config.properties available on classpath.
2020-11-14 22:06:31.948 [main] WARN  c.n.c.sources.URLConfigurationSource - No URLs will be polled as dynamic configuration sources.
2020-11-14 22:06:31.949 [main] INFO  c.n.c.sources.URLConfigurationSource - To enable URLs as dynamic configuration sources, define System property archaius.configurationSource.additionalUrls or make config.properties available on classpath.
2020-11-14 22:06:32.127 [main] INFO  o.s.s.c.ThreadPoolTaskExecutor - Initializing ExecutorService 'applicationTaskExecutor'
2020-11-14 22:06:32.292 [main] INFO  t.m.m.a.MapperCacheDisabler - Clear tk.mybatis.mapper.util.MsUtil CLASS_CACHE cache.
2020-11-14 22:06:32.293 [main] INFO  t.m.m.a.MapperCacheDisabler - Clear tk.mybatis.mapper.genid.GenIdUtil CACHE cache.
2020-11-14 22:06:32.293 [main] INFO  t.m.m.a.MapperCacheDisabler - Clear tk.mybatis.mapper.version.VersionUtil CACHE cache.
2020-11-14 22:06:32.294 [main] INFO  t.m.m.a.MapperCacheDisabler - Clear EntityHelper entityTableMap cache.
2020-11-14 22:06:34.272 [main] INFO  o.a.coyote.http11.Http11NioProtocol - Starting ProtocolHandler ["http-nio-8003"]
2020-11-14 22:06:34.296 [main] INFO  o.s.b.w.e.tomcat.TomcatWebServer - Tomcat started on port(s): 8003 (http) with context path ''
2020-11-14 22:06:35.261 [main] INFO  com.soft1851.user.Application - Started Application in 8.135 seconds (JVM running for 9.919)
2020-11-14 22:06:44.461 [http-nio-8003-exec-1] INFO  o.a.c.c.C.[Tomcat].[localhost].[/] - Initializing Spring DispatcherServlet 'dispatcherServlet'
2020-11-14 22:06:44.461 [http-nio-8003-exec-1] INFO  o.s.web.servlet.DispatcherServlet - Initializing Servlet 'dispatcherServlet'
2020-11-14 22:06:44.467 [http-nio-8003-exec-1] INFO  o.s.web.servlet.DispatcherServlet - Completed initialization in 6 ms
2020-11-14 22:09:13.945 [background-preinit] WARN  o.s.h.c.j.Jackson2ObjectMapperBuilder - For Jackson Kotlin classes support please add "com.fasterxml.jackson.module:jackson-module-kotlin" to the classpath
2020-11-14 22:09:15.063 [main] INFO  com.soft1851.user.Application - The following profiles are active: dev
2020-11-14 22:09:15.478 [main] WARN  t.m.s.a.MapperScannerRegistrar - 只有 Spring Boot 环境中可以通过 Environment(配置文件,环境变量,运行参数等方式) 配置通用 Mapper，其他环境请通过 @MapperScan 注解中的 mapperHelperRef 或 properties 参数进行配置!如果你使用 tk.mybatis.mapper.session.Configuration 配置的通用 Mapper，你可以忽略该错误!
java.lang.RuntimeException: java.lang.reflect.InvocationTargetException
	at tk.mybatis.spring.mapper.SpringBootBindUtil$SpringBoot2Bind.bind(SpringBootBindUtil.java:133)
	at tk.mybatis.spring.mapper.SpringBootBindUtil.bind(SpringBootBindUtil.java:58)
	at tk.mybatis.spring.mapper.ClassPathMapperScanner.setMapperProperties(ClassPathMapperScanner.java:278)
	at tk.mybatis.spring.annotation.MapperScannerRegistrar.registerBeanDefinitions(MapperScannerRegistrar.java:103)
	at org.springframework.context.annotation.ImportBeanDefinitionRegistrar.registerBeanDefinitions(ImportBeanDefinitionRegistrar.java:86)
	at org.springframework.context.annotation.ConfigurationClassBeanDefinitionReader.lambda$loadBeanDefinitionsFromRegistrars$1(ConfigurationClassBeanDefinitionReader.java:384)
	at java.util.LinkedHashMap.forEach(LinkedHashMap.java:684)
	at org.springframework.context.annotation.ConfigurationClassBeanDefinitionReader.loadBeanDefinitionsFromRegistrars(ConfigurationClassBeanDefinitionReader.java:383)
	at org.springframework.context.annotation.ConfigurationClassBeanDefinitionReader.loadBeanDefinitionsForConfigurationClass(ConfigurationClassBeanDefinitionReader.java:148)
	at org.springframework.context.annotation.ConfigurationClassBeanDefinitionReader.loadBeanDefinitions(ConfigurationClassBeanDefinitionReader.java:120)
	at org.springframework.context.annotation.ConfigurationClassPostProcessor.processConfigBeanDefinitions(ConfigurationClassPostProcessor.java:331)
	at org.springframework.context.annotation.ConfigurationClassPostProcessor.postProcessBeanDefinitionRegistry(ConfigurationClassPostProcessor.java:236)
	at org.springframework.context.support.PostProcessorRegistrationDelegate.invokeBeanDefinitionRegistryPostProcessors(PostProcessorRegistrationDelegate.java:280)
	at org.springframework.context.support.PostProcessorRegistrationDelegate.invokeBeanFactoryPostProcessors(PostProcessorRegistrationDelegate.java:96)
	at org.springframework.context.support.AbstractApplicationContext.invokeBeanFactoryPostProcessors(AbstractApplicationContext.java:707)
	at org.springframework.context.support.AbstractApplicationContext.refresh(AbstractApplicationContext.java:533)
	at org.springframework.boot.web.servlet.context.ServletWebServerApplicationContext.refresh(ServletWebServerApplicationContext.java:143)
	at org.springframework.boot.SpringApplication.refresh(SpringApplication.java:758)
	at org.springframework.boot.SpringApplication.refresh(SpringApplication.java:750)
	at org.springframework.boot.SpringApplication.refreshContext(SpringApplication.java:397)
	at org.springframework.boot.SpringApplication.run(SpringApplication.java:315)
	at org.springframework.boot.SpringApplication.run(SpringApplication.java:1237)
	at org.springframework.boot.SpringApplication.run(SpringApplication.java:1226)
	at com.soft1851.user.Application.main(Application.java:19)
Caused by: java.lang.reflect.InvocationTargetException: null
	at sun.reflect.NativeMethodAccessorImpl.invoke0(Native Method)
	at sun.reflect.NativeMethodAccessorImpl.invoke(NativeMethodAccessorImpl.java:62)
	at sun.reflect.DelegatingMethodAccessorImpl.invoke(DelegatingMethodAccessorImpl.java:43)
	at java.lang.reflect.Method.invoke(Method.java:498)
	at tk.mybatis.spring.mapper.SpringBootBindUtil$SpringBoot2Bind.bind(SpringBootBindUtil.java:125)
	... 23 common frames omitted
Caused by: org.springframework.boot.context.properties.bind.BindException: Failed to bind properties under 'mapper.mappers' to java.util.List<java.lang.Class<?>>
	at org.springframework.boot.context.properties.bind.Binder.handleBindError(Binder.java:363)
	at org.springframework.boot.context.properties.bind.Binder.bind(Binder.java:323)
	at org.springframework.boot.context.properties.bind.Binder.lambda$bindDataObject$4(Binder.java:447)
	at org.springframework.boot.context.properties.bind.JavaBeanBinder.bind(JavaBeanBinder.java:92)
	at org.springframework.boot.context.properties.bind.JavaBeanBinder.bind(JavaBeanBinder.java:80)
	at org.springframework.boot.context.properties.bind.JavaBeanBinder.bind(JavaBeanBinder.java:56)
	at org.springframework.boot.context.properties.bind.Binder.lambda$bindDataObject$5(Binder.java:451)
	at org.springframework.boot.context.properties.bind.Binder$Context.withIncreasedDepth(Binder.java:571)
	at org.springframework.boot.context.properties.bind.Binder$Context.withDataObject(Binder.java:557)
	at org.springframework.boot.context.properties.bind.Binder$Context.access$300(Binder.java:512)
	at org.springframework.boot.context.properties.bind.Binder.bindDataObject(Binder.java:449)
	at org.springframework.boot.context.properties.bind.Binder.bindObject(Binder.java:390)
	at org.springframework.boot.context.properties.bind.Binder.bind(Binder.java:319)
	at org.springframework.boot.context.properties.bind.Binder.bind(Binder.java:308)
	at org.springframework.boot.context.properties.bind.Binder.bind(Binder.java:238)
	at org.springframework.boot.context.properties.bind.Binder.bind(Binder.java:199)
	at org.springframework.boot.context.properties.bind.Binder.bind(Binder.java:186)
	... 28 common frames omitted
Caused by: org.springframework.core.convert.ConverterNotFoundException: No converter found capable of converting from type [java.lang.String] to type [java.util.List<java.lang.Class<?>>]
	at org.springframework.core.convert.support.GenericConversionService.handleConverterNotFound(GenericConversionService.java:321)
	at org.springframework.core.convert.support.GenericConversionService.convert(GenericConversionService.java:194)
	at org.springframework.boot.context.properties.bind.BindConverter$CompositeConversionService.convert(BindConverter.java:170)
	at org.springframework.boot.context.properties.bind.BindConverter.convert(BindConverter.java:96)
	at org.springframework.boot.context.properties.bind.IndexedElementsBinder.convert(IndexedElementsBinder.java:143)
	at org.springframework.boot.context.properties.bind.IndexedElementsBinder.bindValue(IndexedElementsBinder.java:96)
	at org.springframework.boot.context.properties.bind.IndexedElementsBinder.bindIndexed(IndexedElementsBinder.java:84)
	at org.springframework.boot.context.properties.bind.IndexedElementsBinder.bindIndexed(IndexedElementsBinder.java:71)
	at org.springframework.boot.context.properties.bind.CollectionBinder.bindAggregate(CollectionBinder.java:49)
	at org.springframework.boot.context.properties.bind.AggregateBinder.bind(AggregateBinder.java:56)
	at org.springframework.boot.context.properties.bind.Binder.lambda$bindAggregate$3(Binder.java:414)
	at org.springframework.boot.context.properties.bind.Binder$Context.withIncreasedDepth(Binder.java:571)
	at org.springframework.boot.context.properties.bind.Binder$Context.access$100(Binder.java:512)
	at org.springframework.boot.context.properties.bind.Binder.bindAggregate(Binder.java:414)
	at org.springframework.boot.context.properties.bind.Binder.bindObject(Binder.java:375)
	at org.springframework.boot.context.properties.bind.Binder.bind(Binder.java:319)
	... 43 common frames omitted
2020-11-14 22:09:15.635 [main] INFO  o.s.d.r.c.RepositoryConfigurationDelegate - Multiple Spring Data modules found, entering strict repository configuration mode!
2020-11-14 22:09:15.637 [main] INFO  o.s.d.r.c.RepositoryConfigurationDelegate - Bootstrapping Spring Data Redis repositories in DEFAULT mode.
2020-11-14 22:09:15.668 [main] INFO  o.s.d.r.c.RepositoryConfigurationDelegate - Finished Spring Data repository scanning in 18ms. Found 0 Redis repository interfaces.
2020-11-14 22:09:15.827 [main] WARN  o.m.s.mapper.ClassPathMapperScanner - No MyBatis mapper was found in '[com.soft1851.user]' package. Please check your configuration.
2020-11-14 22:09:15.895 [main] INFO  o.s.cloud.context.scope.GenericScope - BeanFactory id=bb935d18-e7bf-372e-b7e1-b07ecf3bdefe
2020-11-14 22:09:16.205 [main] INFO  o.s.b.w.e.tomcat.TomcatWebServer - Tomcat initialized with port(s): 8003 (http)
2020-11-14 22:09:16.214 [main] INFO  o.a.coyote.http11.Http11NioProtocol - Initializing ProtocolHandler ["http-nio-8003"]
2020-11-14 22:09:16.215 [main] INFO  o.a.catalina.core.StandardService - Starting service [Tomcat]
2020-11-14 22:09:16.215 [main] INFO  o.a.catalina.core.StandardEngine - Starting Servlet engine: [Apache Tomcat/9.0.38]
2020-11-14 22:09:16.379 [main] INFO  o.a.c.c.C.[Tomcat].[localhost].[/] - Initializing Spring embedded WebApplicationContext
2020-11-14 22:09:16.379 [main] INFO  o.s.b.w.s.c.ServletWebServerApplicationContext - Root WebApplicationContext: initialization completed in 1300 ms
2020-11-14 22:09:16.814 [main] WARN  c.n.c.sources.URLConfigurationSource - No URLs will be polled as dynamic configuration sources.
2020-11-14 22:09:16.814 [main] INFO  c.n.c.sources.URLConfigurationSource - To enable URLs as dynamic configuration sources, define System property archaius.configurationSource.additionalUrls or make config.properties available on classpath.
2020-11-14 22:09:16.819 [main] WARN  c.n.c.sources.URLConfigurationSource - No URLs will be polled as dynamic configuration sources.
2020-11-14 22:09:16.819 [main] INFO  c.n.c.sources.URLConfigurationSource - To enable URLs as dynamic configuration sources, define System property archaius.configurationSource.additionalUrls or make config.properties available on classpath.
2020-11-14 22:09:16.955 [main] INFO  o.s.s.c.ThreadPoolTaskExecutor - Initializing ExecutorService 'applicationTaskExecutor'
2020-11-14 22:09:17.067 [main] INFO  t.m.m.a.MapperCacheDisabler - Clear tk.mybatis.mapper.util.MsUtil CLASS_CACHE cache.
2020-11-14 22:09:17.068 [main] INFO  t.m.m.a.MapperCacheDisabler - Clear tk.mybatis.mapper.genid.GenIdUtil CACHE cache.
2020-11-14 22:09:17.069 [main] INFO  t.m.m.a.MapperCacheDisabler - Clear tk.mybatis.mapper.version.VersionUtil CACHE cache.
2020-11-14 22:09:17.070 [main] INFO  t.m.m.a.MapperCacheDisabler - Clear EntityHelper entityTableMap cache.
2020-11-14 22:09:18.521 [main] INFO  o.a.coyote.http11.Http11NioProtocol - Starting ProtocolHandler ["http-nio-8003"]
2020-11-14 22:09:18.541 [main] INFO  o.s.b.w.e.tomcat.TomcatWebServer - Tomcat started on port(s): 8003 (http) with context path ''
2020-11-14 22:09:19.381 [main] INFO  com.soft1851.user.Application - Started Application in 6.96 seconds (JVM running for 8.408)
2020-11-14 22:09:22.928 [http-nio-8003-exec-1] INFO  o.a.c.c.C.[Tomcat].[localhost].[/] - Initializing Spring DispatcherServlet 'dispatcherServlet'
2020-11-14 22:09:22.928 [http-nio-8003-exec-1] INFO  o.s.web.servlet.DispatcherServlet - Initializing Servlet 'dispatcherServlet'
2020-11-14 22:09:22.936 [http-nio-8003-exec-1] INFO  o.s.web.servlet.DispatcherServlet - Completed initialization in 8 ms
